Nov 01 04:13:19 +01:00 (none)  Mounting virtual file systems: /run /proc /sys OK
Nov 01 04:13:19 +01:00 (none)  Bringing up the loopback interface... OK
Nov 01 04:13:19 +01:00 (none)  Setting hostname to jcamhi... OK
Nov 01 04:13:19 +01:00 jcamhi  Populating /dev with device nodes...  OK
Nov 01 04:13:22 +01:00 jcamhi  Activating all swap files/partitions... OK
Nov 01 04:13:22 +01:00 jcamhi  Mounting root file system in read-only mode...  OK
Nov 01 04:13:22 +01:00 jcamhi  Checking file systems... OK
Nov 01 04:13:22 +01:00 jcamhi  Remounting root file system in read-write mode... OK
Nov 01 04:13:22 +01:00 jcamhi  Mounting remaining file systems... OK
Nov 01 04:13:22 +01:00 jcamhi  Cleaning file systems: /tmp OK
Nov 01 04:13:22 +01:00 jcamhi  Retrying failed uevents, if any... OK
Nov 01 04:13:23 +01:00 jcamhi  Setting up Linux console...FAIL
Nov 01 04:13:23 +01:00 jcamhi   FAIL
Nov 01 04:13:23 +01:00 jcamhi  FAILURE:

You should not be reading this error message.

It means that an unforeseen error took place in
/etc/rc.d/rcS.d/S70console,
which exited with a return value of 1.
If you're able to track this error down to a bug in one of
the files provided by the LFS book,
please be so kind to inform us at lfs-dev@linuxfromscratch.org (Registration required).
 FAIL
Nov 01 04:13:23 +01:00 jcamhi  Press Enter to continue...Nov 01 04:13:30 +01:00 jcamhi  Starting system log daemon... OK
Nov 01 04:13:30 +01:00 jcamhi  Starting kernel log daemon... OK
Nov 01 04:13:30 +01:00 jcamhi  Bringing up the eth0 interface... 
Nov 01 04:13:30 +01:00 jcamhi  Adding IPv4 address 192.168.1.2 to the eth0 interface...FAIL
Nov 01 04:13:30 +01:00 jcamhi  
Interface eth0 doesn't exist. FAIL
--------
Nov 02 14:35:30 +01:00 (none)  Mounting virtual file systems: /run /proc /sys OK
Nov 02 14:35:30 +01:00 (none)  Bringing up the loopback interface... OK
Nov 02 14:35:30 +01:00 (none)  Setting hostname to jcamhi... OK
Nov 02 14:35:30 +01:00 jcamhi  Populating /dev with device nodes...  OK
Nov 02 14:35:32 +01:00 jcamhi  Activating all swap files/partitions... OK
Nov 02 14:35:32 +01:00 jcamhi  Mounting root file system in read-only mode...  OK
Nov 02 14:35:32 +01:00 jcamhi  Checking file systems... OK
Nov 02 14:35:32 +01:00 jcamhi  Remounting root file system in read-write mode... OK
Nov 02 14:35:32 +01:00 jcamhi  Mounting remaining file systems... OK
Nov 02 14:35:32 +01:00 jcamhi  Cleaning file systems: /tmp OK
Nov 02 14:35:32 +01:00 jcamhi  Retrying failed uevents, if any... OK
Nov 02 14:35:33 +01:00 jcamhi  Setting up Linux console...FAIL
Nov 02 14:35:33 +01:00 jcamhi   FAIL
Nov 02 14:35:33 +01:00 jcamhi  FAILURE:

You should not be reading this error message.

It means that an unforeseen error took place in
/etc/rc.d/rcS.d/S70console,
which exited with a return value of 1.
If you're able to track this error down to a bug in one of
the files provided by the LFS book,
please be so kind to inform us at lfs-dev@linuxfromscratch.org (Registration required).
 FAIL
Nov 02 14:35:33 +01:00 jcamhi  Press Enter to continue...Nov 02 14:35:33 +01:00 jcamhi  Starting system log daemon... OK
Nov 02 14:35:33 +01:00 jcamhi  Starting kernel log daemon... OK
Nov 02 14:35:34 +01:00 jcamhi  Bringing up the eth0 interface... 
Nov 02 14:35:34 +01:00 jcamhi  Adding IPv4 address 192.168.1.2 to the eth0 interface...FAIL
Nov 02 14:35:34 +01:00 jcamhi  
Interface eth0 doesn't exist. FAIL
--------
Nov 02 14:49:35 +01:00 (none)  Mounting virtual file systems: /run /proc /sys OK
Nov 02 14:49:35 +01:00 (none)  Bringing up the loopback interface... OK
Nov 02 14:49:35 +01:00 (none)  Setting hostname to jcamhi... OK
Nov 02 14:49:35 +01:00 jcamhi  Populating /dev with device nodes...  OK
Nov 02 14:49:37 +01:00 jcamhi  Activating all swap files/partitions... OK
Nov 02 14:49:37 +01:00 jcamhi  Mounting root file system in read-only mode...  OK
Nov 02 14:49:37 +01:00 jcamhi  Checking file systems... OK
Nov 02 14:49:37 +01:00 jcamhi  Remounting root file system in read-write mode... OK
Nov 02 14:49:37 +01:00 jcamhi  Mounting remaining file systems... OK
Nov 02 14:49:37 +01:00 jcamhi  Cleaning file systems: /tmp OK
Nov 02 14:49:37 +01:00 jcamhi  Retrying failed uevents, if any... OK
Nov 02 14:49:38 +01:00 jcamhi  Setting up Linux console...FAIL
Nov 02 14:49:38 +01:00 jcamhi   FAIL
Nov 02 14:49:38 +01:00 jcamhi  FAILURE:

You should not be reading this error message.

It means that an unforeseen error took place in
/etc/rc.d/rcS.d/S70console,
which exited with a return value of 1.
If you're able to track this error down to a bug in one of
the files provided by the LFS book,
please be so kind to inform us at lfs-dev@linuxfromscratch.org (Registration required).
 FAIL
Nov 02 14:49:38 +01:00 jcamhi  Press Enter to continue...Nov 02 14:49:39 +01:00 jcamhi  Starting system log daemon... OK
Nov 02 14:49:39 +01:00 jcamhi  Starting kernel log daemon... OK
Nov 02 14:49:39 +01:00 jcamhi  Bringing up the eth0 interface... 
Nov 02 14:49:39 +01:00 jcamhi  Adding IPv4 address 192.168.1.2 to the eth0 interface...FAIL
Nov 02 14:49:39 +01:00 jcamhi  
Interface eth0 doesn't exist. FAIL
--------
Nov 02 14:56:05 +01:00 (none)  Mounting virtual file systems: /run /proc /sys OK
Nov 02 14:56:05 +01:00 (none)  Bringing up the loopback interface... OK
Nov 02 14:56:05 +01:00 (none)  Setting hostname to jcamhi... OK
Nov 02 14:56:05 +01:00 jcamhi  Populating /dev with device nodes...  OK
Nov 02 14:56:08 +01:00 jcamhi  Activating all swap files/partitions... OK
Nov 02 14:56:08 +01:00 jcamhi  Mounting root file system in read-only mode...  OK
Nov 02 14:56:08 +01:00 jcamhi  Checking file systems... OK
Nov 02 14:56:08 +01:00 jcamhi  Remounting root file system in read-write mode... OK
Nov 02 14:56:08 +01:00 jcamhi  Mounting remaining file systems... OK
Nov 02 14:56:08 +01:00 jcamhi  Cleaning file systems: /tmp OK
Nov 02 14:56:08 +01:00 jcamhi  Retrying failed uevents, if any... OK
Nov 02 14:56:09 +01:00 jcamhi  Setting up Linux console... OK
Nov 02 14:56:09 +01:00 jcamhi  Starting system log daemon... OK
Nov 02 14:56:09 +01:00 jcamhi  Starting kernel log daemon... OK
Nov 02 14:56:09 +01:00 jcamhi  Bringing up the eth0 interface... 
Nov 02 14:56:09 +01:00 jcamhi  Adding IPv4 address 192.168.1.2 to the eth0 interface...FAIL
Nov 02 14:56:09 +01:00 jcamhi  
Interface eth0 doesn't exist. FAIL
--------
Nov 02 14:58:51 +01:00 (none)  Mounting virtual file systems: /run /proc /sys OK
Nov 02 14:58:51 +01:00 (none)  Bringing up the loopback interface... OK
Nov 02 14:58:51 +01:00 (none)  Setting hostname to jcamhi... OK
Nov 02 14:58:51 +01:00 jcamhi  Populating /dev with device nodes...  OK
Nov 02 14:58:53 +01:00 jcamhi  Activating all swap files/partitions... OK
Nov 02 14:58:53 +01:00 jcamhi  Mounting root file system in read-only mode...  OK
Nov 02 14:58:53 +01:00 jcamhi  Checking file systems... OK
Nov 02 14:58:53 +01:00 jcamhi  Remounting root file system in read-write mode... OK
Nov 02 14:58:53 +01:00 jcamhi  Mounting remaining file systems... OK
Nov 02 14:58:53 +01:00 jcamhi  Cleaning file systems: /tmp OK
Nov 02 14:58:53 +01:00 jcamhi  Retrying failed uevents, if any... OK
Nov 02 14:58:54 +01:00 jcamhi  Setting up Linux console... OK
Nov 02 14:58:54 +01:00 jcamhi  Starting system log daemon... OK
Nov 02 14:58:54 +01:00 jcamhi  Starting kernel log daemon... OK
Nov 02 14:58:54 +01:00 jcamhi  Bringing up the eth0 interface... 
Nov 02 14:58:54 +01:00 jcamhi  Adding IPv4 address 192.168.1.2 to the eth0 interface...FAIL
Nov 02 14:58:54 +01:00 jcamhi  
Interface eth0 doesn't exist. FAIL
--------
Nov 02 15:02:11 +01:00 (none)  Mounting virtual file systems: /run /proc /sys OK
Nov 02 15:02:11 +01:00 (none)  Bringing up the loopback interface... OK
Nov 02 15:02:11 +01:00 (none)  Setting hostname to jcamhi... OK
Nov 02 15:02:11 +01:00 jcamhi  Populating /dev with device nodes...  OK
Nov 02 15:02:14 +01:00 jcamhi  Activating all swap files/partitions... OK
Nov 02 15:02:14 +01:00 jcamhi  Mounting root file system in read-only mode...  OK
Nov 02 15:02:14 +01:00 jcamhi  Checking file systems... OK
Nov 02 15:02:14 +01:00 jcamhi  Remounting root file system in read-write mode... OK
Nov 02 15:02:14 +01:00 jcamhi  Mounting remaining file systems... OK
Nov 02 15:02:14 +01:00 jcamhi  Cleaning file systems: /tmp OK
Nov 02 15:02:14 +01:00 jcamhi  Retrying failed uevents, if any... OK
Nov 02 15:02:15 +01:00 jcamhi  Setting up Linux console... OK
Nov 02 15:02:15 +01:00 jcamhi  Starting system log daemon... OK
Nov 02 15:02:15 +01:00 jcamhi  Starting kernel log daemon... OK
Nov 02 15:02:15 +01:00 jcamhi  Bringing up the eth0 interface... 
Nov 02 15:02:15 +01:00 jcamhi  Adding IPv4 address 192.168.1.2 to the eth0 interface...FAIL
Nov 02 15:02:15 +01:00 jcamhi  
Interface eth0 doesn't exist. FAIL
--------
Nov 02 15:07:08 +01:00 (none)  Mounting virtual file systems: /run /proc /sys OK
Nov 02 15:07:09 +01:00 (none)  Bringing up the loopback interface... OK
Nov 02 15:07:09 +01:00 (none)  Setting hostname to jcamhi... OK
Nov 02 15:07:09 +01:00 jcamhi  Populating /dev with device nodes...  OK
Nov 02 15:07:11 +01:00 jcamhi  Activating all swap files/partitions... OK
Nov 02 15:07:11 +01:00 jcamhi  Mounting root file system in read-only mode...  OK
Nov 02 15:07:11 +01:00 jcamhi  Checking file systems... OK
Nov 02 15:07:11 +01:00 jcamhi  Remounting root file system in read-write mode... OK
Nov 02 15:07:11 +01:00 jcamhi  Mounting remaining file systems... OK
Nov 02 15:07:11 +01:00 jcamhi  Cleaning file systems: /tmp OK
Nov 02 15:07:11 +01:00 jcamhi  Retrying failed uevents, if any... OK
Nov 02 15:07:12 +01:00 jcamhi  Setting up Linux console... OK
Nov 02 15:07:12 +01:00 jcamhi  Starting system log daemon... OK
Nov 02 15:07:12 +01:00 jcamhi  Starting kernel log daemon... OK
Nov 02 15:07:12 +01:00 jcamhi  Bringing up the enp0s3 interface... 
Nov 02 15:07:12 +01:00 jcamhi  Adding IPv4 address 192.168.1.2 to the eth0 interface...FAIL
Nov 02 15:07:12 +01:00 jcamhi  
Interface eth0 doesn't exist. FAIL
--------
Nov 02 15:12:26 +01:00 (none)  Mounting virtual file systems: /run /proc /sys OK
Nov 02 15:12:26 +01:00 (none)  Bringing up the loopback interface... OK
Nov 02 15:12:27 +01:00 (none)  Setting hostname to jcamhi... OK
Nov 02 15:12:27 +01:00 jcamhi  Populating /dev with device nodes...  OK
Nov 02 15:12:29 +01:00 jcamhi  Activating all swap files/partitions... OK
Nov 02 15:12:29 +01:00 jcamhi  Mounting root file system in read-only mode...  OK
Nov 02 15:12:29 +01:00 jcamhi  Checking file systems... OK
Nov 02 15:12:29 +01:00 jcamhi  Remounting root file system in read-write mode... OK
Nov 02 15:12:29 +01:00 jcamhi  Mounting remaining file systems... OK
Nov 02 15:12:29 +01:00 jcamhi  Cleaning file systems: /tmp OK
Nov 02 15:12:29 +01:00 jcamhi  Retrying failed uevents, if any... OK
Nov 02 15:12:30 +01:00 jcamhi  Setting up Linux console... OK
Nov 02 15:12:30 +01:00 jcamhi  Starting system log daemon... OK
Nov 02 15:12:30 +01:00 jcamhi  Starting kernel log daemon... OK
Nov 02 15:12:30 +01:00 jcamhi  Bringing up the enp0s3 interface... 
Nov 02 15:12:30 +01:00 jcamhi  Adding IPv4 address 192.168.1.2 to the enp0s3 interface... OK
Nov 02 15:12:30 +01:00 jcamhi  Setting up default gateway... OK
--------
Nov 02 15:28:34 +01:00 (none)  Mounting virtual file systems: /run /proc /sys OK
Nov 02 15:28:34 +01:00 (none)  Bringing up the loopback interface... OK
Nov 02 15:28:34 +01:00 (none)  Setting hostname to jcamhi... OK
Nov 02 15:28:34 +01:00 jcamhi  Populating /dev with device nodes...  OK
Nov 02 15:28:37 +01:00 jcamhi  Activating all swap files/partitions... OK
Nov 02 15:28:37 +01:00 jcamhi  Mounting root file system in read-only mode...  OK
Nov 02 15:28:37 +01:00 jcamhi  Checking file systems... OK
Nov 02 15:28:37 +01:00 jcamhi  Remounting root file system in read-write mode... OK
Nov 02 15:28:37 +01:00 jcamhi  Mounting remaining file systems... OK
Nov 02 15:28:37 +01:00 jcamhi  Cleaning file systems: /tmp OK
Nov 02 15:28:37 +01:00 jcamhi  Retrying failed uevents, if any... OK
Nov 02 15:28:38 +01:00 jcamhi  Setting up Linux console... OK
Nov 02 15:28:38 +01:00 jcamhi  Starting system log daemon... OK
Nov 02 15:28:38 +01:00 jcamhi  Starting kernel log daemon... OK
Nov 02 15:28:38 +01:00 jcamhi  Bringing up the enp0s3 interface... 
Nov 02 15:28:38 +01:00 jcamhi  Adding IPv4 address 192.168.1.2 to the enp0s3 interface... OK
Nov 02 15:28:38 +01:00 jcamhi  Setting up default gateway... OK
--------
Nov 02 15:48:40 +01:00 (none)  Mounting virtual file systems: /run /proc /sys OK
Nov 02 15:48:41 +01:00 (none)  Bringing up the loopback interface... OK
Nov 02 15:48:41 +01:00 (none)  Setting hostname to jcamhi... OK
Nov 02 15:48:41 +01:00 jcamhi  Populating /dev with device nodes...  OK
Nov 02 15:48:43 +01:00 jcamhi  Activating all swap files/partitions... OK
Nov 02 15:48:43 +01:00 jcamhi  Mounting root file system in read-only mode...  OK
Nov 02 15:48:43 +01:00 jcamhi  Checking file systems... OK
Nov 02 15:48:43 +01:00 jcamhi  Remounting root file system in read-write mode... OK
Nov 02 15:48:43 +01:00 jcamhi  Mounting remaining file systems... OK
Nov 02 15:48:43 +01:00 jcamhi  Cleaning file systems: /tmp OK
Nov 02 15:48:43 +01:00 jcamhi  Retrying failed uevents, if any... OK
Nov 02 15:48:44 +01:00 jcamhi  Setting up Linux console... OK
Nov 02 15:48:44 +01:00 jcamhi  Starting system log daemon... OK
Nov 02 15:48:44 +01:00 jcamhi  Starting kernel log daemon... OK
Nov 02 15:48:44 +01:00 jcamhi  Bringing up the enp0s3 interface... 
Nov 02 15:48:44 +01:00 jcamhi  Adding IPv4 address 192.168.1.2 to the enp0s3 interface... OK
Nov 02 15:48:44 +01:00 jcamhi  Setting up default gateway... OK
--------
Nov 02 16:07:32 +01:00 (none)  Mounting virtual file systems: /run /proc /sys OK
Nov 02 16:07:32 +01:00 (none)  Bringing up the loopback interface... OK
Nov 02 16:07:33 +01:00 (none)  Setting hostname to jcamhi... OK
Nov 02 16:07:33 +01:00 jcamhi  Populating /dev with device nodes...  OK
Nov 02 16:07:35 +01:00 jcamhi  Activating all swap files/partitions... OK
Nov 02 16:07:35 +01:00 jcamhi  Mounting root file system in read-only mode...  OK
Nov 02 16:07:35 +01:00 jcamhi  Checking file systems... OK
Nov 02 16:07:35 +01:00 jcamhi  Remounting root file system in read-write mode... OK
Nov 02 16:07:35 +01:00 jcamhi  Mounting remaining file systems... OK
Nov 02 16:07:35 +01:00 jcamhi  Cleaning file systems: /tmp OK
Nov 02 16:07:35 +01:00 jcamhi  Retrying failed uevents, if any... OK
Nov 02 16:07:36 +01:00 jcamhi  Setting up Linux console... OK
Nov 02 16:07:36 +01:00 jcamhi  Starting system log daemon... OK
Nov 02 16:07:36 +01:00 jcamhi  Starting kernel log daemon... OK
Nov 02 16:07:36 +01:00 jcamhi  Bringing up the enp0s3 interface... 
Nov 02 16:07:36 +01:00 jcamhi  Adding IPv4 address 192.168.1.2 to the enp0s3 interface... OK
Nov 02 16:07:36 +01:00 jcamhi  Setting up default gateway... OK
--------
Nov 02 16:22:37 +01:00 (none)  Mounting virtual file systems: /run /proc /sys OK
Nov 02 16:22:37 +01:00 (none)  Bringing up the loopback interface... OK
Nov 02 16:22:37 +01:00 (none)  Setting hostname to jcamhi... OK
Nov 02 16:22:37 +01:00 jcamhi  Populating /dev with device nodes...  OK
Nov 02 16:22:40 +01:00 jcamhi  Activating all swap files/partitions... OK
Nov 02 16:22:40 +01:00 jcamhi  Mounting root file system in read-only mode...  OK
Nov 02 16:22:40 +01:00 jcamhi  Checking file systems... OK
Nov 02 16:22:40 +01:00 jcamhi  Remounting root file system in read-write mode... OK
Nov 02 16:22:40 +01:00 jcamhi  Mounting remaining file systems... OK
Nov 02 16:22:40 +01:00 jcamhi  Cleaning file systems: /tmp OK
Nov 02 16:22:40 +01:00 jcamhi  Retrying failed uevents, if any... OK
Nov 02 16:22:41 +01:00 jcamhi  Setting up Linux console... OK
Nov 02 16:22:41 +01:00 jcamhi  Starting system log daemon... OK
Nov 02 16:22:41 +01:00 jcamhi  Starting kernel log daemon... OK
Nov 02 16:22:41 +01:00 jcamhi  Bringing up the enp0s3 interface... 
Nov 02 16:22:41 +01:00 jcamhi  Adding IPv4 address 192.168.1.2 to the enp0s3 interface... OK
Nov 02 16:22:41 +01:00 jcamhi  Setting up default gateway... OK
--------
Nov 02 16:28:16 +01:00 (none)  Mounting virtual file systems: /run /proc /sys OK
Nov 02 16:28:16 +01:00 (none)  Bringing up the loopback interface... OK
Nov 02 16:28:17 +01:00 (none)  Setting hostname to jcamhi... OK
Nov 02 16:28:17 +01:00 jcamhi  Populating /dev with device nodes...  OK
Nov 02 16:28:19 +01:00 jcamhi  Activating all swap files/partitions... OK
Nov 02 16:28:19 +01:00 jcamhi  Mounting root file system in read-only mode...  OK
Nov 02 16:28:19 +01:00 jcamhi  Checking file systems... OK
Nov 02 16:28:19 +01:00 jcamhi  Remounting root file system in read-write mode... OK
Nov 02 16:28:19 +01:00 jcamhi  Mounting remaining file systems... OK
Nov 02 16:28:19 +01:00 jcamhi  Cleaning file systems: /tmp OK
Nov 02 16:28:19 +01:00 jcamhi  Retrying failed uevents, if any... OK
Nov 02 16:28:20 +01:00 jcamhi  Setting up Linux console... OK
Nov 02 16:28:20 +01:00 jcamhi  Starting system log daemon... OK
Nov 02 16:28:20 +01:00 jcamhi  Starting kernel log daemon... OK
Nov 02 16:28:20 +01:00 jcamhi  Bringing up the enp0s3 interface... 
Nov 02 16:28:20 +01:00 jcamhi  Adding IPv4 address 192.168.1.2 to the enp0s3 interface... OK
Nov 02 16:28:20 +01:00 jcamhi  Setting up default gateway... OK
--------
Nov 02 16:44:19 +01:00 (none)  Mounting virtual file systems: /run /proc /sys OK
Nov 02 16:44:19 +01:00 (none)  Bringing up the loopback interface... OK
Nov 02 16:44:19 +01:00 (none)  Setting hostname to jcamhi... OK
Nov 02 16:44:19 +01:00 jcamhi  Populating /dev with device nodes...  OK
Nov 02 16:44:21 +01:00 jcamhi  Activating all swap files/partitions... OK
Nov 02 16:44:21 +01:00 jcamhi  Mounting root file system in read-only mode...  OK
Nov 02 16:44:21 +01:00 jcamhi  Checking file systems... OK
Nov 02 16:44:21 +01:00 jcamhi  Remounting root file system in read-write mode... OK
Nov 02 16:44:21 +01:00 jcamhi  Mounting remaining file systems... OK
Nov 02 16:44:21 +01:00 jcamhi  Cleaning file systems: /tmp OK
Nov 02 16:44:21 +01:00 jcamhi  Retrying failed uevents, if any... OK
Nov 02 16:44:22 +01:00 jcamhi  Setting up Linux console... OK
Nov 02 16:44:22 +01:00 jcamhi  Starting system log daemon... OK
Nov 02 16:44:22 +01:00 jcamhi  Starting kernel log daemon... OK
Nov 02 16:44:22 +01:00 jcamhi  Bringing up the enp0s3 interface... Nov 02 16:44:22 +01:00 jcamhi  
     Starting dhclient on the enp0s3 interface... OK
--------
Nov 02 16:49:59 +01:00 (none)  Mounting virtual file systems: /run /proc /sys OK
Nov 02 16:49:59 +01:00 (none)  Bringing up the loopback interface... OK
Nov 02 16:49:59 +01:00 (none)  Setting hostname to jcamhi... OK
Nov 02 16:49:59 +01:00 jcamhi  Populating /dev with device nodes...  OK
Nov 02 16:50:01 +01:00 jcamhi  Activating all swap files/partitions... OK
Nov 02 16:50:01 +01:00 jcamhi  Mounting root file system in read-only mode...  OK
Nov 02 16:50:01 +01:00 jcamhi  Checking file systems... OK
Nov 02 16:50:01 +01:00 jcamhi  Remounting root file system in read-write mode... OK
Nov 02 16:50:01 +01:00 jcamhi  Mounting remaining file systems... OK
Nov 02 16:50:01 +01:00 jcamhi  Cleaning file systems: /tmp OK
Nov 02 16:50:01 +01:00 jcamhi  Retrying failed uevents, if any... OK
Nov 02 16:50:02 +01:00 jcamhi  Setting up Linux console... OK
Nov 02 16:50:02 +01:00 jcamhi  Starting system log daemon... OK
Nov 02 16:50:02 +01:00 jcamhi  Starting kernel log daemon... OK
Nov 02 16:50:02 +01:00 jcamhi  Bringing up the enp0s3 interface... Nov 02 16:50:02 +01:00 jcamhi  
     Starting dhclient on the enp0s3 interface... OK
--------
Nov 02 16:55:01 +01:00 (none)  Mounting virtual file systems: /run /proc /sys OK
Nov 02 16:55:01 +01:00 (none)  Bringing up the loopback interface... OK
Nov 02 16:55:01 +01:00 (none)  Setting hostname to jcamhi... OK
Nov 02 16:55:01 +01:00 jcamhi  Populating /dev with device nodes...  OK
Nov 02 16:55:03 +01:00 jcamhi  Activating all swap files/partitions... OK
Nov 02 16:55:03 +01:00 jcamhi  Mounting root file system in read-only mode...  OK
Nov 02 16:55:03 +01:00 jcamhi  Checking file systems... OK
Nov 02 16:55:03 +01:00 jcamhi  Remounting root file system in read-write mode... OK
Nov 02 16:55:03 +01:00 jcamhi  Mounting remaining file systems... OK
Nov 02 16:55:03 +01:00 jcamhi  Cleaning file systems: /tmp OK
Nov 02 16:55:03 +01:00 jcamhi  Retrying failed uevents, if any... OK
Nov 02 16:55:04 +01:00 jcamhi  Setting up Linux console... OK
Nov 02 16:55:04 +01:00 jcamhi  Starting system log daemon... OK
Nov 02 16:55:04 +01:00 jcamhi  Starting kernel log daemon... OK
Nov 02 16:55:04 +01:00 jcamhi  Bringing up the enp0s3 interface... Nov 02 16:55:04 +01:00 jcamhi  
     Starting dhclient on the enp0s3 interface... OK
--------
Nov 02 17:05:39 +01:00 (none)  Mounting virtual file systems: /run /proc /sys OK
Nov 02 17:05:39 +01:00 (none)  Bringing up the loopback interface... OK
Nov 02 17:05:40 +01:00 (none)  Setting hostname to jcamhi... OK
Nov 02 17:05:40 +01:00 jcamhi  Populating /dev with device nodes...  OK
Nov 02 17:05:42 +01:00 jcamhi  Activating all swap files/partitions... OK
Nov 02 17:05:42 +01:00 jcamhi  Mounting root file system in read-only mode...  OK
Nov 02 17:05:42 +01:00 jcamhi  Checking file systems... OK
Nov 02 17:05:42 +01:00 jcamhi  Remounting root file system in read-write mode... OK
Nov 02 17:05:42 +01:00 jcamhi  Mounting remaining file systems... OK
Nov 02 17:05:42 +01:00 jcamhi  Cleaning file systems: /tmp OK
Nov 02 17:05:42 +01:00 jcamhi  Retrying failed uevents, if any... OK
Nov 02 17:05:43 +01:00 jcamhi  Setting up Linux console... OK
Nov 02 17:05:43 +01:00 jcamhi  Starting system log daemon... OK
Nov 02 17:05:43 +01:00 jcamhi  Starting kernel log daemon... OK
Nov 02 17:05:43 +01:00 jcamhi  Bringing up the enp0s3 interface... Nov 02 17:05:43 +01:00 jcamhi  
     Starting dhclient on the enp0s3 interface... OK
--------
Nov 02 18:18:56 +01:00 (none)  Mounting virtual file systems: /run /proc /sys OK
Nov 02 18:18:56 +01:00 (none)  Bringing up the loopback interface... OK
Nov 02 18:18:56 +01:00 (none)  Setting hostname to jcamhi... OK
Nov 02 18:18:56 +01:00 jcamhi  Populating /dev with device nodes...  OK
Nov 02 18:18:58 +01:00 jcamhi  Activating all swap files/partitions... OK
Nov 02 18:18:58 +01:00 jcamhi  Mounting root file system in read-only mode...  OK
Nov 02 18:18:58 +01:00 jcamhi  Checking file systems... OK
Nov 02 18:18:58 +01:00 jcamhi  Remounting root file system in read-write mode... OK
Nov 02 18:18:58 +01:00 jcamhi  Mounting remaining file systems... OK
Nov 02 18:18:58 +01:00 jcamhi  Cleaning file systems: /tmp OK
Nov 02 18:18:58 +01:00 jcamhi  Retrying failed uevents, if any... OK
Nov 02 18:18:59 +01:00 jcamhi  Setting up Linux console... OK
Nov 02 18:18:59 +01:00 jcamhi  Starting system log daemon... OK
Nov 02 18:18:59 +01:00 jcamhi  Starting kernel log daemon... OK
Nov 02 18:18:59 +01:00 jcamhi  Bringing up the enp0s3 interface... Nov 02 18:18:59 +01:00 jcamhi  
     Starting dhclient on the enp0s3 interface... OK
--------
Nov 02 20:54:16 +01:00 (none)  Mounting virtual file systems: /run /proc /sys OK
Nov 02 20:54:16 +01:00 (none)  Bringing up the loopback interface... OK
Nov 02 20:54:16 +01:00 (none)  Setting hostname to jcamhi... OK
Nov 02 20:54:16 +01:00 jcamhi  Populating /dev with device nodes...  OK
Nov 02 20:54:19 +01:00 jcamhi  Activating all swap files/partitions... OK
Nov 02 20:54:19 +01:00 jcamhi  Mounting root file system in read-only mode...  OK
Nov 02 20:54:19 +01:00 jcamhi  Checking file systems... OK
Nov 02 20:54:19 +01:00 jcamhi  Remounting root file system in read-write mode... OK
Nov 02 20:54:19 +01:00 jcamhi  Mounting remaining file systems... OK
Nov 02 20:54:19 +01:00 jcamhi  Cleaning file systems: /tmp OK
Nov 02 20:54:19 +01:00 jcamhi  Retrying failed uevents, if any... OK
Nov 02 20:54:20 +01:00 jcamhi  Setting up Linux console... OK
Nov 02 20:54:20 +01:00 jcamhi  Starting system log daemon... OK
Nov 02 20:54:20 +01:00 jcamhi  Starting kernel log daemon... OK
Nov 02 20:54:20 +01:00 jcamhi  Bringing up the enp0s3 interface... Nov 02 20:54:20 +01:00 jcamhi  
     Starting dhclient on the enp0s3 interface... OK
--------
Nov 02 21:04:00 +01:00 (none)  Mounting virtual file systems: /run /proc /sys OK
Nov 02 21:04:00 +01:00 (none)  Bringing up the loopback interface... OK
Nov 02 21:04:00 +01:00 (none)  Setting hostname to jcamhi... OK
Nov 02 21:04:00 +01:00 jcamhi  Populating /dev with device nodes...  OK
Nov 02 21:04:02 +01:00 jcamhi  Activating all swap files/partitions... OK
Nov 02 21:04:02 +01:00 jcamhi  Mounting root file system in read-only mode...  OK
Nov 02 21:04:02 +01:00 jcamhi  Checking file systems... OK
Nov 02 21:04:02 +01:00 jcamhi  Remounting root file system in read-write mode... OK
Nov 02 21:04:02 +01:00 jcamhi  Mounting remaining file systems... OK
Nov 02 21:04:02 +01:00 jcamhi  Cleaning file systems: /tmp OK
Nov 02 21:04:02 +01:00 jcamhi  Retrying failed uevents, if any... OK
Nov 02 21:04:03 +01:00 jcamhi  Setting up Linux console... OK
Nov 02 21:04:03 +01:00 jcamhi  Starting system log daemon... OK
Nov 02 21:04:03 +01:00 jcamhi  Starting kernel log daemon... OK
Nov 02 21:04:03 +01:00 jcamhi  Bringing up the enp0s3 interface... Nov 02 21:04:03 +01:00 jcamhi  
     Starting dhclient on the enp0s3 interface... OK
Nov 02 21:04:04 +01:00 jcamhi  Starting SSH Server... OK
--------
Nov 02 22:01:55 +01:00 (none)  Mounting virtual file systems: /run /proc /sys OK
Nov 02 22:01:55 +01:00 (none)  Bringing up the loopback interface... OK
Nov 02 22:01:55 +01:00 (none)  Setting hostname to jcamhi... OK
Nov 02 22:01:55 +01:00 jcamhi  Populating /dev with device nodes...  OK
Nov 02 22:01:58 +01:00 jcamhi  Activating all swap files/partitions... OK
Nov 02 22:01:58 +01:00 jcamhi  Mounting root file system in read-only mode...  OK
Nov 02 22:01:58 +01:00 jcamhi  Checking file systems... OK
Nov 02 22:01:58 +01:00 jcamhi  Remounting root file system in read-write mode... OK
Nov 02 22:01:59 +01:00 jcamhi  Mounting remaining file systems... OK
Nov 02 22:01:59 +01:00 jcamhi  Cleaning file systems: /tmp OK
Nov 02 22:01:59 +01:00 jcamhi  Retrying failed uevents, if any... OK
Nov 02 22:02:00 +01:00 jcamhi  Setting up Linux console... OK
Nov 02 22:02:00 +01:00 jcamhi  Starting system log daemon... OK
Nov 02 22:02:00 +01:00 jcamhi  Starting kernel log daemon... OK
Nov 02 22:02:00 +01:00 jcamhi  Bringing up the enp0s3 interface... Nov 02 22:02:00 +01:00 jcamhi  
     Starting dhclient on the enp0s3 interface... OK
Nov 02 22:02:02 +01:00 jcamhi  Starting SSH Server... OK
--------
Nov 02 23:01:37 +01:00 (none)  Mounting virtual file systems: /run /proc /sys OK
Nov 02 23:01:37 +01:00 (none)  Bringing up the loopback interface... OK
Nov 02 23:01:37 +01:00 (none)  Setting hostname to jcamhi... OK
Nov 02 23:01:37 +01:00 jcamhi  Populating /dev with device nodes...  OK
Nov 02 23:01:39 +01:00 jcamhi  Activating all swap files/partitions... OK
Nov 02 23:01:39 +01:00 jcamhi  Mounting root file system in read-only mode...  OK
Nov 02 23:01:39 +01:00 jcamhi  Checking file systems... OK
Nov 02 23:01:39 +01:00 jcamhi  Remounting root file system in read-write mode... OK
Nov 02 23:01:39 +01:00 jcamhi  Mounting remaining file systems... OK
Nov 02 23:01:39 +01:00 jcamhi  Cleaning file systems: /tmp OK
Nov 02 23:01:39 +01:00 jcamhi  Retrying failed uevents, if any... OK
Nov 02 23:01:40 +01:00 jcamhi  Setting up Linux console... OK
Nov 02 23:01:40 +01:00 jcamhi  Starting system log daemon... OK
Nov 02 23:01:40 +01:00 jcamhi  Starting kernel log daemon... OK
Nov 02 23:01:40 +01:00 jcamhi  Bringing up the enp0s3 interface... Nov 02 23:01:40 +01:00 jcamhi  
     Starting dhclient on the enp0s3 interface... OK
Nov 02 23:01:41 +01:00 jcamhi  Starting SSH Server... OK
--------
Nov 02 23:02:16 +01:00 (none)  Mounting virtual file systems: /run /proc /sys OK
Nov 02 23:02:16 +01:00 (none)  Bringing up the loopback interface... OK
Nov 02 23:02:16 +01:00 (none)  Setting hostname to jcamhi... OK
Nov 02 23:02:16 +01:00 jcamhi  Populating /dev with device nodes...  OK
Nov 02 23:02:18 +01:00 jcamhi  Activating all swap files/partitions... OK
Nov 02 23:02:18 +01:00 jcamhi  Mounting root file system in read-only mode...  OK
Nov 02 23:02:18 +01:00 jcamhi  Checking file systems... OK
Nov 02 23:02:18 +01:00 jcamhi  Remounting root file system in read-write mode... OK
Nov 02 23:02:18 +01:00 jcamhi  Mounting remaining file systems... OK
Nov 02 23:02:18 +01:00 jcamhi  Cleaning file systems: /tmp OK
Nov 02 23:02:18 +01:00 jcamhi  Retrying failed uevents, if any... OK
Nov 02 23:02:19 +01:00 jcamhi  Setting up Linux console... OK
Nov 02 23:02:19 +01:00 jcamhi  Starting system log daemon... OK
Nov 02 23:02:19 +01:00 jcamhi  Starting kernel log daemon... OK
Nov 02 23:02:19 +01:00 jcamhi  Bringing up the enp0s3 interface... Nov 02 23:02:19 +01:00 jcamhi  
     Starting dhclient on the enp0s3 interface... OK
Nov 02 23:02:19 +01:00 jcamhi  Starting SSH Server... OK
--------
Nov 02 23:09:47 +01:00 (none)  Mounting virtual file systems: /run /proc /sys OK
Nov 02 23:09:47 +01:00 (none)  Bringing up the loopback interface... OK
Nov 02 23:09:47 +01:00 (none)  Setting hostname to jcamhi... OK
Nov 02 23:09:47 +01:00 jcamhi  Populating /dev with device nodes...  OK
Nov 02 23:09:49 +01:00 jcamhi  Activating all swap files/partitions... OK
Nov 02 23:09:49 +01:00 jcamhi  Mounting root file system in read-only mode...  OK
Nov 02 23:09:49 +01:00 jcamhi  Checking file systems... OK
Nov 02 23:09:49 +01:00 jcamhi  Remounting root file system in read-write mode... OK
Nov 02 23:09:49 +01:00 jcamhi  Mounting remaining file systems... OK
Nov 02 23:09:49 +01:00 jcamhi  Cleaning file systems: /tmp OK
Nov 02 23:09:49 +01:00 jcamhi  Retrying failed uevents, if any... OK
Nov 02 23:09:50 +01:00 jcamhi  Setting up Linux console... OK
Nov 02 23:09:50 +01:00 jcamhi  Starting system log daemon... OK
Nov 02 23:09:50 +01:00 jcamhi  Starting kernel log daemon... OK
Nov 02 23:09:50 +01:00 jcamhi  Bringing up the enp0s3 interface... Nov 02 23:09:50 +01:00 jcamhi  
     Starting dhclient on the enp0s3 interface... OK
Nov 02 23:09:51 +01:00 jcamhi  Starting SSH Server... OK
--------
Nov 02 23:21:52 +01:00 (none)  Mounting virtual file systems: /run /proc /sys OK
Nov 02 23:21:52 +01:00 (none)  Bringing up the loopback interface... OK
Nov 02 23:21:52 +01:00 (none)  Setting hostname to jcamhi... OK
Nov 02 23:21:52 +01:00 jcamhi  Populating /dev with device nodes...  OK
Nov 02 23:21:56 +01:00 jcamhi  Activating all swap files/partitions... OK
Nov 02 23:21:56 +01:00 jcamhi  Mounting root file system in read-only mode...  OK
Nov 02 23:21:56 +01:00 jcamhi  Checking file systems... OK
Nov 02 23:22:02 +01:00 jcamhi  Remounting root file system in read-write mode... OK
Nov 02 23:22:02 +01:00 jcamhi  Mounting remaining file systems... OK
Nov 02 23:22:02 +01:00 jcamhi  Cleaning file systems: /tmp OK
Nov 02 23:22:02 +01:00 jcamhi  Retrying failed uevents, if any... OK
Nov 02 23:22:03 +01:00 jcamhi  Setting up Linux console... OK
Nov 02 23:22:03 +01:00 jcamhi  Starting system log daemon... OK
Nov 02 23:22:03 +01:00 jcamhi  Starting kernel log daemon... OK
Nov 02 23:22:03 +01:00 jcamhi  Bringing up the enp0s3 interface... Nov 02 23:22:03 +01:00 jcamhi  
     Starting dhclient on the enp0s3 interface... OK
Nov 02 23:22:04 +01:00 jcamhi  Starting SSH Server... OK
--------
Nov 02 23:23:31 +01:00 (none)  Mounting virtual file systems: /run /proc /sys OK
Nov 02 23:23:31 +01:00 (none)  Bringing up the loopback interface... OK
Nov 02 23:23:32 +01:00 (none)  Setting hostname to jcamhi... OK
Nov 02 23:23:32 +01:00 jcamhi  Populating /dev with device nodes...  OK
Nov 02 23:23:34 +01:00 jcamhi  Activating all swap files/partitions... OK
Nov 02 23:23:34 +01:00 jcamhi  Mounting root file system in read-only mode...  OK
Nov 02 23:23:34 +01:00 jcamhi  Checking file systems... OK
Nov 02 23:23:34 +01:00 jcamhi  Remounting root file system in read-write mode... OK
Nov 02 23:23:34 +01:00 jcamhi  Mounting remaining file systems... OK
Nov 02 23:23:34 +01:00 jcamhi  Cleaning file systems: /tmp OK
Nov 02 23:23:34 +01:00 jcamhi  Retrying failed uevents, if any... OK
Nov 02 23:23:35 +01:00 jcamhi  Setting up Linux console... OK
Nov 02 23:23:35 +01:00 jcamhi  Starting system log daemon... OK
Nov 02 23:23:35 +01:00 jcamhi  Starting kernel log daemon... OK
Nov 02 23:23:35 +01:00 jcamhi  Bringing up the enp0s3 interface... Nov 02 23:23:35 +01:00 jcamhi  
     Starting dhclient on the enp0s3 interface... OK
Nov 02 23:23:36 +01:00 jcamhi  Starting SSH Server... OK
--------
Nov 02 23:25:00 +01:00 (none)  Mounting virtual file systems: /run /proc /sys OK
Nov 02 23:25:00 +01:00 (none)  Bringing up the loopback interface... OK
Nov 02 23:25:00 +01:00 (none)  Setting hostname to jcamhi... OK
Nov 02 23:25:00 +01:00 jcamhi  Populating /dev with device nodes...  OK
Nov 02 23:25:03 +01:00 jcamhi  Activating all swap files/partitions... OK
Nov 02 23:25:03 +01:00 jcamhi  Mounting root file system in read-only mode...  OK
Nov 02 23:25:03 +01:00 jcamhi  Checking file systems... OK
Nov 02 23:25:03 +01:00 jcamhi  Remounting root file system in read-write mode... OK
Nov 02 23:25:03 +01:00 jcamhi  Mounting remaining file systems... OK
Nov 02 23:25:03 +01:00 jcamhi  Cleaning file systems: /tmp OK
Nov 02 23:25:03 +01:00 jcamhi  Retrying failed uevents, if any... OK
Nov 02 23:25:04 +01:00 jcamhi  Setting up Linux console... OK
Nov 02 23:25:04 +01:00 jcamhi  Starting system log daemon... OK
Nov 02 23:25:04 +01:00 jcamhi  Starting kernel log daemon... OK
Nov 02 23:25:04 +01:00 jcamhi  Bringing up the enp0s3 interface... Nov 02 23:25:04 +01:00 jcamhi  
     Starting dhclient on the enp0s3 interface... OK
Nov 02 23:25:05 +01:00 jcamhi  Starting SSH Server... OK
--------
Nov 03 15:30:19 +01:00 (none)  Mounting virtual file systems: /run /proc /sys OK
Nov 03 15:30:19 +01:00 (none)  Bringing up the loopback interface... OK
Nov 03 15:30:19 +01:00 (none)  Setting hostname to jcamhi... OK
Nov 03 15:30:19 +01:00 jcamhi  Populating /dev with device nodes...  OK
Nov 03 15:30:21 +01:00 jcamhi  Activating all swap files/partitions... OK
Nov 03 15:30:21 +01:00 jcamhi  Mounting root file system in read-only mode...  OK
Nov 03 15:30:21 +01:00 jcamhi  Checking file systems... OK
Nov 03 15:30:21 +01:00 jcamhi  Remounting root file system in read-write mode... OK
Nov 03 15:30:21 +01:00 jcamhi  Mounting remaining file systems... OK
Nov 03 15:30:21 +01:00 jcamhi  Cleaning file systems: /tmp OK
Nov 03 15:30:21 +01:00 jcamhi  Retrying failed uevents, if any... OK
Nov 03 15:30:22 +01:00 jcamhi  Setting up Linux console... OK
Nov 03 15:30:22 +01:00 jcamhi  Starting system log daemon... OK
Nov 03 15:30:22 +01:00 jcamhi  Starting kernel log daemon... OK
Nov 03 15:30:22 +01:00 jcamhi  Bringing up the enp0s3 interface... Nov 03 15:30:22 +01:00 jcamhi  
     Starting dhclient on the enp0s3 interface... OK
Nov 03 15:30:22 +01:00 jcamhi  Starting SSH Server... OK
--------
Nov 03 15:31:04 +01:00 (none)  Mounting virtual file systems: /run /proc /sys OK
Nov 03 15:31:04 +01:00 (none)  Bringing up the loopback interface... OK
Nov 03 15:31:04 +01:00 (none)  Setting hostname to jcamhi... OK
Nov 03 15:31:04 +01:00 jcamhi  Populating /dev with device nodes...  OK
Nov 03 15:31:06 +01:00 jcamhi  Activating all swap files/partitions... OK
Nov 03 15:31:06 +01:00 jcamhi  Mounting root file system in read-only mode...  OK
Nov 03 15:31:06 +01:00 jcamhi  Checking file systems... OK
Nov 03 15:31:06 +01:00 jcamhi  Remounting root file system in read-write mode... OK
Nov 03 15:31:06 +01:00 jcamhi  Mounting remaining file systems... OK
Nov 03 15:31:06 +01:00 jcamhi  Cleaning file systems: /tmp OK
Nov 03 15:31:06 +01:00 jcamhi  Retrying failed uevents, if any... OK
Nov 03 15:31:07 +01:00 jcamhi  Setting up Linux console... OK
Nov 03 15:31:07 +01:00 jcamhi  Starting system log daemon... OK
Nov 03 15:31:07 +01:00 jcamhi  Starting kernel log daemon... OK
Nov 03 15:31:07 +01:00 jcamhi  Bringing up the enp0s3 interface... Nov 03 15:31:07 +01:00 jcamhi  
     Starting dhclient on the enp0s3 interface... OK
Nov 03 15:31:07 +01:00 jcamhi  Starting SSH Server... OK
--------
Nov 03 15:59:53 +01:00 (none)  Mounting virtual file systems: /run /proc /sys OK
Nov 03 15:59:53 +01:00 (none)  Bringing up the loopback interface... OK
Nov 03 15:59:53 +01:00 (none)  Setting hostname to jcamhi... OK
Nov 03 15:59:53 +01:00 jcamhi  Populating /dev with device nodes...  OK
Nov 03 15:59:56 +01:00 jcamhi  Activating all swap files/partitions... OK
Nov 03 15:59:56 +01:00 jcamhi  Mounting root file system in read-only mode...  OK
Nov 03 15:59:56 +01:00 jcamhi  Checking file systems... OK
Nov 03 15:59:56 +01:00 jcamhi  Remounting root file system in read-write mode... OK
Nov 03 15:59:56 +01:00 jcamhi  Mounting remaining file systems... OK
Nov 03 15:59:56 +01:00 jcamhi  Cleaning file systems: /tmp OK
Nov 03 15:59:56 +01:00 jcamhi  Retrying failed uevents, if any... OK
Nov 03 15:59:57 +01:00 jcamhi  Setting up Linux console... OK
Nov 03 15:59:57 +01:00 jcamhi  Starting system log daemon... OK
Nov 03 15:59:57 +01:00 jcamhi  Starting kernel log daemon... OK
Nov 03 15:59:57 +01:00 jcamhi  Bringing up the enp0s3 interface... Nov 03 15:59:57 +01:00 jcamhi  
     Starting dhclient on the enp0s3 interface... OK
Nov 03 15:59:57 +01:00 jcamhi  Starting SSH Server... OK
--------
Nov 03 16:01:17 +01:00 (none)  Mounting virtual file systems: /run /proc /sys OK
Nov 03 16:01:17 +01:00 (none)  Bringing up the loopback interface... OK
Nov 03 16:01:17 +01:00 (none)  Setting hostname to jcamhi... OK
Nov 03 16:01:17 +01:00 jcamhi  Populating /dev with device nodes...  OK
Nov 03 16:01:19 +01:00 jcamhi  Activating all swap files/partitions... OK
Nov 03 16:01:19 +01:00 jcamhi  Mounting root file system in read-only mode...  OK
Nov 03 16:01:19 +01:00 jcamhi  Checking file systems... OK
Nov 03 16:01:19 +01:00 jcamhi  Remounting root file system in read-write mode... OK
Nov 03 16:01:19 +01:00 jcamhi  Mounting remaining file systems... OK
Nov 03 16:01:19 +01:00 jcamhi  Cleaning file systems: /tmp OK
Nov 03 16:01:19 +01:00 jcamhi  Retrying failed uevents, if any... OK
Nov 03 16:01:20 +01:00 jcamhi  Setting up Linux console... OK
Nov 03 16:01:20 +01:00 jcamhi  Starting system log daemon... OK
Nov 03 16:01:20 +01:00 jcamhi  Starting kernel log daemon... OK
Nov 03 16:01:20 +01:00 jcamhi  Bringing up the enp0s3 interface... Nov 03 16:01:20 +01:00 jcamhi  
     Starting dhclient on the enp0s3 interface... OK
Nov 03 16:01:21 +01:00 jcamhi  Starting SSH Server... OK
--------
Nov 03 17:29:48 +01:00 (none)  Mounting virtual file systems: /run /proc /sys OK
Nov 03 17:29:48 +01:00 (none)  Bringing up the loopback interface... OK
Nov 03 17:29:49 +01:00 (none)  Setting hostname to jcamhi... OK
Nov 03 17:29:49 +01:00 jcamhi  Populating /dev with device nodes...  OK
Nov 03 17:29:51 +01:00 jcamhi  Activating all swap files/partitions... OK
Nov 03 17:29:51 +01:00 jcamhi  Mounting root file system in read-only mode...  OK
Nov 03 17:29:51 +01:00 jcamhi  Checking file systems... OK
Nov 03 17:29:51 +01:00 jcamhi  Remounting root file system in read-write mode... OK
Nov 03 17:29:51 +01:00 jcamhi  Mounting remaining file systems... OK
Nov 03 17:29:51 +01:00 jcamhi  Cleaning file systems: /tmp OK
Nov 03 17:29:51 +01:00 jcamhi  Retrying failed uevents, if any... OK
Nov 03 17:29:52 +01:00 jcamhi  Setting up Linux console... OK
Nov 03 17:29:52 +01:00 jcamhi  Starting system log daemon... OK
Nov 03 17:29:52 +01:00 jcamhi  Starting kernel log daemon... OK
Nov 03 17:29:52 +01:00 jcamhi  Bringing up the enp0s3 interface... Nov 03 17:29:52 +01:00 jcamhi  
     Starting dhclient on the enp0s3 interface... OK
Nov 03 17:29:53 +01:00 jcamhi  Starting SSH Server... OK
--------
Nov 06 12:36:00 +01:00 (none)  Mounting virtual file systems: /run /proc /sys OK
Nov 06 12:36:01 +01:00 (none)  Bringing up the loopback interface... OK
Nov 06 12:36:01 +01:00 (none)  Setting hostname to jcamhi... OK
Nov 06 12:36:01 +01:00 jcamhi  Populating /dev with device nodes...  OK
Nov 06 12:36:06 +01:00 jcamhi  Activating all swap files/partitions... OK
Nov 06 12:36:06 +01:00 jcamhi  Mounting root file system in read-only mode...  OK
Nov 06 12:36:06 +01:00 jcamhi  Checking file systems... OK
Nov 06 12:36:06 +01:00 jcamhi  Remounting root file system in read-write mode... OK
Nov 06 12:36:06 +01:00 jcamhi  Mounting remaining file systems... OK
Nov 06 12:36:06 +01:00 jcamhi  Cleaning file systems: /tmp OK
Nov 06 12:36:06 +01:00 jcamhi  Retrying failed uevents, if any... OK
Nov 06 12:36:07 +01:00 jcamhi  Setting up Linux console... OK
Nov 06 12:36:07 +01:00 jcamhi  Starting system log daemon... OK
Nov 06 12:36:08 +01:00 jcamhi  Starting kernel log daemon... OK
Nov 06 12:36:08 +01:00 jcamhi  Bringing up the enp0s3 interface... Nov 06 12:36:08 +01:00 jcamhi  
     Starting dhclient on the enp0s3 interface... OK
Nov 06 12:36:10 +01:00 jcamhi  Starting SSH Server... OK
--------
Nov 06 14:18:21 +01:00 (none)  Mounting virtual file systems: /run /proc /sys OK
Nov 06 14:18:21 +01:00 (none)  Bringing up the loopback interface... OK
Nov 06 14:18:21 +01:00 (none)  Setting hostname to jcamhi... OK
Nov 06 14:18:21 +01:00 jcamhi  Populating /dev with device nodes...  OK
Nov 06 14:18:23 +01:00 jcamhi  Activating all swap files/partitions... OK
Nov 06 14:18:23 +01:00 jcamhi  Mounting root file system in read-only mode...  OK
Nov 06 14:18:23 +01:00 jcamhi  Checking file systems... OK
Nov 06 14:18:23 +01:00 jcamhi  Remounting root file system in read-write mode... OK
Nov 06 14:18:23 +01:00 jcamhi  Mounting remaining file systems... OK
Nov 06 14:18:23 +01:00 jcamhi  Cleaning file systems: /tmp OK
Nov 06 14:18:23 +01:00 jcamhi  Retrying failed uevents, if any... OK
Nov 06 14:18:24 +01:00 jcamhi  Setting up Linux console... OK
Nov 06 14:18:24 +01:00 jcamhi  Starting system log daemon... OK
Nov 06 14:18:24 +01:00 jcamhi  Starting kernel log daemon... OK
Nov 06 14:18:24 +01:00 jcamhi  Bringing up the enp0s3 interface... Nov 06 14:18:24 +01:00 jcamhi  
     Starting dhclient on the enp0s3 interface... OK
Nov 06 14:18:25 +01:00 jcamhi  Starting SSH Server... OK
--------
Nov 06 14:47:26 +01:00 (none)  Mounting virtual file systems: /run /proc /sys OK
Nov 06 14:47:26 +01:00 (none)  Bringing up the loopback interface... OK
Nov 06 14:47:26 +01:00 (none)  Setting hostname to jcamhi... OK
Nov 06 14:47:26 +01:00 jcamhi  Populating /dev with device nodes...  OK
Nov 06 14:47:29 +01:00 jcamhi  Activating all swap files/partitions... OK
Nov 06 14:47:29 +01:00 jcamhi  Mounting root file system in read-only mode...  OK
Nov 06 14:47:29 +01:00 jcamhi  Checking file systems... OK
Nov 06 14:47:29 +01:00 jcamhi  Remounting root file system in read-write mode... OK
Nov 06 14:47:29 +01:00 jcamhi  Mounting remaining file systems... OK
Nov 06 14:47:29 +01:00 jcamhi  Cleaning file systems: /tmp OK
Nov 06 14:47:29 +01:00 jcamhi  Retrying failed uevents, if any... OK
Nov 06 14:47:30 +01:00 jcamhi  Setting up Linux console... OK
Nov 06 14:47:30 +01:00 jcamhi  Starting system log daemon... OK
Nov 06 14:47:30 +01:00 jcamhi  Starting kernel log daemon... OK
Nov 06 14:47:30 +01:00 jcamhi  Bringing up the enp0s3 interface... Nov 06 14:47:30 +01:00 jcamhi  
     Starting dhclient on the enp0s3 interface... OK
Nov 06 14:47:31 +01:00 jcamhi  Starting SSH Server... OK
--------
